Mon Jun 28 15:31:25 CDT 2021
Mon Jun 28 15:31:25 CDT 2021
Mon Jun 28 15:32:09 CDT 2021
Mon Jun 28 15:34:22 CDT 2021
Mon Jun 28 15:34:22 CDT 2021
Mon Jun 28 15:34:22 CDT 2021
Mon Jun 28 15:34:22 CDT 2021
Mon Jun 28 15:34:28 CDT 2021
Mon Jun 28 15:35:10 CDT 2021
Mon Jun 28 15:36:39 CDT 2021
Mon Jun 28 15:36:40 CDT 2021
Mon Jun 28 15:36:40 CDT 2021
Mon Jun 28 16:29:30 CDT 2021
Mon Jun 28 16:29:30 CDT 2021
Mon Jun 28 16:29:30 CDT 2021
Mon Jun 28 16:29:30 CDT 2021
Mon Jun 28 16:29:31 CDT 2021
Mon Jun 28 16:29:32 CDT 2021
Mon Jun 28 16:29:33 CDT 2021
Mon Jun 28 16:31:39 CDT 2021
Mon Jun 28 16:31:41 CDT 2021
Mon Jun 28 16:31:42 CDT 2021
Mon Jun 28 16:31:46 CDT 2021
Mon Jun 28 16:31:46 CDT 2021
Mon Jun 28 16:44:59 CDT 2021
Mon Jun 28 16:45:00 CDT 2021
Mon Jun 28 16:50:01 CDT 2021
Mon Jun 28 16:50:01 CDT 2021
Mon Jun 28 16:50:01 CDT 2021
Mon Jun 28 16:50:02 CDT 2021
Mon Jun 28 16:50:02 CDT 2021
Mon Jun 28 16:50:03 CDT 2021
Mon Jun 28 16:50:03 CDT 2021
Mon Jun 28 16:50:03 CDT 2021
Mon Jun 28 16:50:03 CDT 2021
Mon Jun 28 16:50:03 CDT 2021
Mon Jun 28 16:50:03 CDT 2021
Mon Jun 28 16:50:04 CDT 2021
Mon Jun 28 16:58:09 CDT 2021
Mon Jun 28 16:58:09 CDT 2021
Mon Jun 28 16:58:10 CDT 2021
Mon Jun 28 16:58:10 CDT 2021
Mon Jun 28 16:58:10 CDT 2021
Mon Jun 28 16:58:10 CDT 2021
Mon Jun 28 16:59:40 CDT 2021
Mon Jun 28 16:59:45 CDT 2021
Mon Jun 28 16:59:47 CDT 2021
Mon Jun 28 17:06:45 CDT 2021
Mon Jun 28 17:20:09 CDT 2021
Mon Jun 28 17:20:14 CDT 2021
Mon Jun 28 17:42:10 CDT 2021
Mon Jun 28 18:14:23 CDT 2021
Mon Jun 28 20:16:00 CDT 2021
Mon Jun 28 20:59:21 CDT 2021
Mon Jun 28 22:01:32 CDT 2021
Mon Jun 28 23:14:24 CDT 2021
Tue Jun 29 00:14:49 CDT 2021
Tue Jun 29 00:39:52 CDT 2021
Tue Jun 29 01:02:55 CDT 2021
Tue Jun 29 01:11:55 CDT 2021
Tue Jun 29 01:20:03 CDT 2021
Tue Jun 29 01:27:52 CDT 2021
Tue Jun 29 01:36:59 CDT 2021
Tue Jun 29 14:08:59 CDT 2021
Tue Jun 29 14:19:17 CDT 2021
Tue Jun 29 14:20:17 CDT 2021
Tue Jun 29 14:24:15 CDT 2021
Tue Jun 29 14:31:18 CDT 2021
Tue Jun 29 14:34:19 CDT 2021
Tue Jun 29 14:39:15 CDT 2021
Tue Jun 29 14:48:35 CDT 2021
Tue Jun 29 14:49:20 CDT 2021
Tue Jun 29 14:49:20 CDT 2021
Tue Jun 29 14:57:37 CDT 2021
Tue Jun 29 15:11:01 CDT 2021
Tue Jun 29 15:11:01 CDT 2021
Tue Jun 29 15:11:02 CDT 2021
Tue Jun 29 15:11:02 CDT 2021
Tue Jun 29 15:11:03 CDT 2021
Tue Jun 29 15:11:03 CDT 2021
Tue Jun 29 15:11:03 CDT 2021
Tue Jun 29 15:11:03 CDT 2021
Tue Jun 29 15:11:03 CDT 2021
Tue Jun 29 15:11:51 CDT 2021
Tue Jun 29 15:15:24 CDT 2021
Tue Jun 29 15:22:25 CDT 2021
Tue Jun 29 15:28:39 CDT 2021
Tue Jun 29 15:28:39 CDT 2021
Tue Jun 29 15:28:41 CDT 2021
Tue Jun 29 15:28:41 CDT 2021
Tue Jun 29 15:33:38 CDT 2021
Tue Jun 29 15:33:39 CDT 2021
Tue Jun 29 15:33:39 CDT 2021
Tue Jun 29 15:33:39 CDT 2021
Tue Jun 29 15:33:39 CDT 2021
Tue Jun 29 15:33:39 CDT 2021
Tue Jun 29 15:33:40 CDT 2021
Tue Jun 29 15:33:40 CDT 2021
Tue Jun 29 15:33:40 CDT 2021
Tue Jun 29 15:33:40 CDT 2021
Tue Jun 29 15:33:41 CDT 2021
Tue Jun 29 15:40:02 CDT 2021
Tue Jun 29 15:40:02 CDT 2021
Tue Jun 29 15:40:03 CDT 2021
Tue Jun 29 15:40:03 CDT 2021
Tue Jun 29 15:40:03 CDT 2021
Tue Jun 29 15:40:03 CDT 2021
Tue Jun 29 15:40:03 CDT 2021
Tue Jun 29 15:40:03 CDT 2021
Tue Jun 29 15:40:04 CDT 2021
Tue Jun 29 15:40:04 CDT 2021
Tue Jun 29 15:40:04 CDT 2021
Tue Jun 29 15:40:04 CDT 2021
Tue Jun 29 15:40:52 CDT 2021
Tue Jun 29 15:40:52 CDT 2021
Tue Jun 29 15:40:54 CDT 2021
Tue Jun 29 15:44:56 CDT 2021
Wed Jun 30 14:42:30 CDT 2021
Wed Jun 30 14:42:30 CDT 2021
Wed Jun 30 15:15:02 CDT 2021
Wed Jun 30 15:16:00 CDT 2021
Wed Jun 30 15:16:01 CDT 2021
Wed Jun 30 15:16:54 CDT 2021
Wed Jun 30 15:17:53 CDT 2021
Wed Jun 30 15:18:56 CDT 2021
Wed Jun 30 15:20:52 CDT 2021
Wed Jun 30 15:21:48 CDT 2021
Wed Jun 30 15:28:48 CDT 2021
Wed Jun 30 15:32:21 CDT 2021
Wed Jun 30 15:35:48 CDT 2021
Wed Jun 30 15:38:24 CDT 2021
Wed Jun 30 16:06:46 CDT 2021
Wed Jun 30 20:59:54 CDT 2021
Wed Jul  7 23:59:33 CDT 2021
Wed Jul  7 23:59:37 CDT 2021
Thu Jul  8 00:00:26 CDT 2021
Thu Jul  8 00:00:26 CDT 2021
Thu Jul  8 00:00:28 CDT 2021
Thu Jul  8 00:10:05 CDT 2021
Thu Jul  8 00:11:33 CDT 2021
Thu Jul  8 00:12:17 CDT 2021
Thu Jul  8 00:12:17 CDT 2021
Thu Jul  8 00:12:20 CDT 2021
Thu Jul  8 00:13:01 CDT 2021
Thu Jul  8 00:13:01 CDT 2021
Thu Jul  8 00:15:16 CDT 2021
Thu Jul  8 00:16:42 CDT 2021
Sat Jul 10 09:54:09 CDT 2021
Sat Jul 10 10:19:37 CDT 2021
Sat Jul 10 11:33:04 CDT 2021
Sat Jul 10 11:40:07 CDT 2021
Sat Jul 10 12:03:21 CDT 2021
Sat Jul 10 12:07:18 CDT 2021
Sat Jul 10 13:12:46 CDT 2021
Sat Jul 10 13:12:46 CDT 2021
Sat Jul 10 13:26:47 CDT 2021
Sat Jul 10 14:02:02 CDT 2021
Sat Jul 10 14:16:03 CDT 2021
Sat Jul 10 14:30:04 CDT 2021
Sat Jul 10 15:35:33 CDT 2021
Sat Jul 10 15:56:29 CDT 2021
Sat Jul 10 16:45:16 CDT 2021
Sat Jul 10 16:45:16 CDT 2021
Fri Jul 16 07:27:52 CDT 2021
Fri Jul 16 10:10:11 CDT 2021
Fri Jul 16 10:10:12 CDT 2021
Fri Jul 16 10:10:12 CDT 2021
Fri Jul 16 10:10:12 CDT 2021
Fri Jul 16 10:45:04 CDT 2021
Fri Jul 16 10:45:04 CDT 2021
Fri Jul 16 11:41:35 CDT 2021
Fri Jul 16 13:11:52 CDT 2021
Fri Jul 16 13:11:52 CDT 2021
Fri Jul 16 13:11:52 CDT 2021
Sat Jul 17 08:55:04 CDT 2021
Sat Jul 17 08:57:14 CDT 2021
Sat Jul 17 09:12:57 CDT 2021
Sat Jul 17 09:24:19 CDT 2021
Tue Jul 20 08:36:57 CDT 2021
Wed Jul 21 07:09:37 CDT 2021
Wed Jul 21 07:24:45 CDT 2021
Wed Jul 21 07:37:00 CDT 2021
Wed Jul 21 07:58:13 CDT 2021
Wed Jul 21 09:57:46 CDT 2021
Wed Jul 21 09:57:47 CDT 2021
Wed Jul 21 09:57:48 CDT 2021
Fri Jul 23 21:23:25 CDT 2021
Fri Jul 23 21:23:37 CDT 2021
Fri Jul 23 21:24:30 CDT 2021
Sat Jul 24 02:36:44 CDT 2021
Sat Jul 24 02:37:43 CDT 2021
Mon Jul 26 17:12:47 CDT 2021
Mon Jul 26 17:27:42 CDT 2021
Tue Jul 27 00:13:58 CDT 2021
Tue Jul 27 22:29:58 CDT 2021
Wed Jul 28 02:32:29 CDT 2021
Wed Jul 28 02:39:10 CDT 2021
Wed Jul 28 02:39:10 CDT 2021
Wed Jul 28 02:40:07 CDT 2021
Wed Jul 28 02:40:11 CDT 2021
Wed Jul 28 03:02:24 CDT 2021
Wed Jul 28 03:03:19 CDT 2021
Wed Jul 28 04:38:15 CDT 2021
Wed Jul 28 04:38:55 CDT 2021
Wed Jul 28 07:12:47 CDT 2021
Wed Jul 28 23:36:26 CDT 2021
Thu Jul 29 10:21:43 CDT 2021
Thu Jul 29 10:32:28 CDT 2021
Thu Jul 29 17:14:23 CDT 2021
Fri Jul 30 03:08:54 CDT 2021
Fri Jul 30 08:49:34 CDT 2021
Fri Jul 30 16:51:32 CDT 2021
Sat Jul 31 02:58:12 CDT 2021
Sat Jul 31 08:55:32 CDT 2021
Sat Jul 31 09:18:23 CDT 2021
Sun Aug  1 08:04:12 CDT 2021
Sun Aug  1 08:04:12 CDT 2021
Sun Aug  1 08:04:15 CDT 2021
Sun Aug  1 08:04:15 CDT 2021
Sun Aug  1 08:04:15 CDT 2021
Sun Aug  1 08:04:15 CDT 2021
Sun Aug  1 09:41:59 CDT 2021
Sun Aug  1 09:41:59 CDT 2021
Sun Aug  1 09:41:59 CDT 2021
Sun Aug  1 09:41:59 CDT 2021
Sun Aug  1 09:41:59 CDT 2021
Sun Aug  1 09:41:59 CDT 2021
Sun Aug  1 09:42:30 CDT 2021
Sun Aug  1 09:42:31 CDT 2021
Sun Aug  1 09:42:31 CDT 2021
Sun Aug  1 09:42:31 CDT 2021
Sun Aug  1 09:42:31 CDT 2021
Sun Aug  1 09:42:31 CDT 2021
Sun Aug  1 09:42:31 CDT 2021
Sun Aug  1 09:43:01 CDT 2021
Sun Aug  1 09:43:02 CDT 2021
Sun Aug  1 09:44:48 CDT 2021
Mon Aug  2 10:21:58 CDT 2021
Mon Aug  2 10:21:58 CDT 2021
Mon Aug  2 10:21:58 CDT 2021
Fri Aug  6 16:41:20 CDT 2021
Fri Aug  6 16:41:20 CDT 2021
Fri Aug  6 16:41:20 CDT 2021
Fri Aug  6 16:41:20 CDT 2021
Fri Aug  6 16:41:20 CDT 2021
Fri Aug  6 16:41:21 CDT 2021
Fri Aug  6 16:41:21 CDT 2021
Fri Aug  6 16:42:24 CDT 2021
Fri Aug  6 16:56:25 CDT 2021
Fri Aug  6 16:56:25 CDT 2021
Fri Aug  6 16:56:25 CDT 2021
Fri Aug  6 16:56:25 CDT 2021
Fri Aug  6 16:56:26 CDT 2021
Fri Aug  6 16:57:06 CDT 2021
Fri Aug  6 16:57:35 CDT 2021
Fri Aug  6 16:58:39 CDT 2021
Sat Aug  7 00:07:13 CDT 2021
Sat Aug  7 00:07:14 CDT 2021
Sat Aug  7 00:15:13 CDT 2021
Sat Aug  7 00:15:13 CDT 2021
Sat Aug  7 00:15:13 CDT 2021
Sat Aug  7 00:15:13 CDT 2021
Sat Aug  7 00:15:15 CDT 2021
Sat Aug  7 00:15:54 CDT 2021
Sat Aug  7 00:15:56 CDT 2021
Sat Aug  7 00:15:56 CDT 2021
Sat Aug  7 00:16:54 CDT 2021
Sat Aug  7 00:18:20 CDT 2021
Sat Aug  7 00:26:46 CDT 2021
Sat Aug  7 00:26:46 CDT 2021
Sat Aug  7 00:26:46 CDT 2021
Sat Aug  7 00:26:46 CDT 2021
Sat Aug  7 00:26:46 CDT 2021
Sat Aug  7 00:28:18 CDT 2021
Sat Aug  7 00:41:46 CDT 2021
Sat Aug  7 00:42:50 CDT 2021
Sat Aug  7 00:42:53 CDT 2021
Sat Aug  7 00:42:54 CDT 2021
Sat Aug  7 00:42:56 CDT 2021
Sat Aug  7 00:42:57 CDT 2021
Sat Aug  7 00:42:57 CDT 2021
Sat Aug  7 00:42:59 CDT 2021
Sat Aug  7 00:43:02 CDT 2021
Sat Aug  7 06:54:58 CDT 2021
Mon Aug  9 10:44:54 CDT 2021
Mon Aug  9 10:44:56 CDT 2021
Mon Aug  9 10:44:57 CDT 2021
Mon Aug  9 10:45:00 CDT 2021
Mon Aug  9 10:45:02 CDT 2021
Wed Aug 11 22:16:11 CDT 2021
Thu Aug 12 01:15:27 CDT 2021
Thu Aug 12 01:15:28 CDT 2021
Thu Aug 12 07:53:27 CDT 2021
Thu Aug 12 09:00:53 CDT 2021
Sun Aug 15 07:49:25 CDT 2021
Sun Aug 15 08:26:27 CDT 2021
Sun Aug 15 08:27:20 CDT 2021
Mon Aug 16 14:56:34 CDT 2021
Mon Aug 16 14:56:46 CDT 2021
Mon Aug 16 14:58:28 CDT 2021
Mon Aug 16 14:58:30 CDT 2021
Mon Aug 16 15:03:29 CDT 2021
Mon Aug 16 15:03:29 CDT 2021
Mon Aug 16 15:14:18 CDT 2021
Mon Aug 16 15:59:48 CDT 2021
Mon Aug 16 17:02:05 CDT 2021
Wed Aug 18 07:48:46 CDT 2021
Wed Aug 18 07:58:48 CDT 2021
Sat Aug 21 06:26:22 CDT 2021
Sat Aug 21 18:04:30 CDT 2021
Sat Aug 21 18:19:21 CDT 2021
Sat Aug 21 18:31:33 CDT 2021
Sat Aug 21 21:52:36 CDT 2021
Sat Aug 21 22:09:13 CDT 2021
Sun Aug 22 09:26:21 CDT 2021
Sun Aug 22 09:27:00 CDT 2021
