conda 4.10.3
Thu Oct 14 11:32:05 CDT 2021
298.0 BLYP
15590
9817
11489
12880
<mdtraj.Trajectory with 29776 frames, 294 atoms, 68 residues, and unitcells>
L_min is 4.070448693115221
The combined trajectory has 29776 frames = 148.88 ps 
The residue name is LI and it contains ['Li1']
The residue name is TF2 and it contains ['O1', 'F1', 'C1', 'S1', 'O2', 'F2', 'N1', 'O3', 'F3', 'S2', 'O4', 'F4', 'F5', 'C2', 'F6']
The residue name is wat and it contains ['O5', 'H1', 'H2']
Computing structure factors ...
Computing normalization ... 
The residue name is LI and it contains ['Li1']
The residue name is TF2 and it contains ['O1', 'F1', 'C1', 'S1', 'O2', 'F2', 'N1', 'O3', 'F3', 'S2', 'O4', 'F4', 'F5', 'C2', 'F6']
The residue name is wat and it contains ['O5', 'H1', 'H2']
Computing structure factors ...
Computing normalization ... 
298.0 PBE
26199
28174
26628
20271
<mdtraj.Trajectory with 81272 frames, 294 atoms, 68 residues, and unitcells>
L_min is 4.070448693115221
The combined trajectory has 81272 frames = 406.36 ps 
The residue name is LI and it contains ['Li1']
The residue name is TF2 and it contains ['O1', 'F1', 'C1', 'S1', 'O2', 'F2', 'N1', 'O3', 'F3', 'S2', 'O4', 'F4', 'F5', 'C2', 'F6']
The residue name is wat and it contains ['O5', 'H1', 'H2']
Computing structure factors ...
Computing normalization ... 
The residue name is LI and it contains ['Li1']
The residue name is TF2 and it contains ['O1', 'F1', 'C1', 'S1', 'O2', 'F2', 'N1', 'O3', 'F3', 'S2', 'O4', 'F4', 'F5', 'C2', 'F6']
The residue name is wat and it contains ['O5', 'H1', 'H2']
Computing structure factors ...
Computing normalization ... 
373.0 BLYP
8313
11973
10754
12279
<mdtraj.Trajectory with 23319 frames, 294 atoms, 68 residues, and unitcells>
L_min is 3.978411789364781
The combined trajectory has 23319 frames = 116.595 ps 
The residue name is LI and it contains ['Li1']
The residue name is TF2 and it contains ['O1', 'F1', 'C1', 'S1', 'O2', 'F2', 'N1', 'O3', 'F3', 'S2', 'O4', 'F4', 'F5', 'C2', 'F6']
The residue name is wat and it contains ['O5', 'H1', 'H2']
Computing structure factors ...
Computing normalization ... 
The residue name is LI and it contains ['Li1']
The residue name is TF2 and it contains ['O1', 'F1', 'C1', 'S1', 'O2', 'F2', 'N1', 'O3', 'F3', 'S2', 'O4', 'F4', 'F5', 'C2', 'F6']
The residue name is wat and it contains ['O5', 'H1', 'H2']
Computing structure factors ...
Computing normalization ... 
373.0 PBE
24721
28083
25653
20948
<mdtraj.Trajectory with 79405 frames, 294 atoms, 68 residues, and unitcells>
L_min is 3.978411789364781
The combined trajectory has 79405 frames = 397.025 ps 
The residue name is LI and it contains ['Li1']
The residue name is TF2 and it contains ['O1', 'F1', 'C1', 'S1', 'O2', 'F2', 'N1', 'O3', 'F3', 'S2', 'O4', 'F4', 'F5', 'C2', 'F6']
The residue name is wat and it contains ['O5', 'H1', 'H2']
Computing structure factors ...
Computing normalization ... 
The residue name is LI and it contains ['Li1']
The residue name is TF2 and it contains ['O1', 'F1', 'C1', 'S1', 'O2', 'F2', 'N1', 'O3', 'F3', 'S2', 'O4', 'F4', 'F5', 'C2', 'F6']
The residue name is wat and it contains ['O5', 'H1', 'H2']
Computing structure factors ...
Computing normalization ... 
Thu Oct 14 12:57:16 CDT 2021
