conda 4.10.3
Thu Oct 14 11:32:05 CDT 2021
298.0 BLYP
298.0 PBE
traj 1cd4e66120c2f90a064c3e2880d18105 has 105.995ps prod
Coefficients: and intercept [[0.89584026]] [-1.42934708]
scikitlearn R2 score is 0.9981633196610098
traj f9f85bc10f7daedafe8e9fa2f7566cc8 has 108.14ps prod
Coefficients: and intercept [[0.59398449]] [0.28406562]
scikitlearn R2 score is 0.9987445525075008
traj 9f129947dfeb2ac6275d77ab3e479f5b has 115.87ps prod
Coefficients: and intercept [[0.8566888]] [-1.24400382]
scikitlearn R2 score is 0.9992551166698264
traj 1af079601354ba626bdf2244a5a5bdc4 has 76.355ps prod
Coefficients: and intercept [[1.00614805]] [-2.4001386]
scikitlearn R2 score is 0.9796029167552205
4
trajs chosen are [2, 2, 0]
Coefficients: and intercept [[1.1548789]] [-0.30000754]
scikitlearn R2 score is 0.9997915528992264
The diffusion coeff is [[1.44956548e-09]] m2/s
scikitlearn R2 score is 0.998992977996036
trajs chosen are [3, 2, 3]
Coefficients: and intercept [[1.16996009]] [-0.29851697]
scikitlearn R2 score is 0.9985938599509641
The diffusion coeff is [[1.5938805e-09]] m2/s
scikitlearn R2 score is 0.9891877397968107
trajs chosen are [3, 0, 0]
Coefficients: and intercept [[1.15869203]] [-0.28762142]
scikitlearn R2 score is 0.999670725445884
The diffusion coeff is [[1.5543492e-09]] m2/s
scikitlearn R2 score is 0.9961920109134379
[[[1.44956548e-09]]

 [[1.59388050e-09]]

 [[1.55434920e-09]]]
373.0 BLYP
373.0 PBE
traj c40d955d00338d5cb74473da9f6a5bd5 has 79.74ps prod
Coefficients: and intercept [[3.68608242]] [-14.75630764]
scikitlearn R2 score is 0.9774496649352151
traj 070c84997ce45a8af4869e5439470d6a has 103.265ps prod
Coefficients: and intercept [[1.67521397]] [0.09193663]
scikitlearn R2 score is 0.9956446646796789
traj 0fbbd64d914503daedd48701d46c9b6d has 115.415ps prod
Coefficients: and intercept [[1.2839104]] [-0.01544748]
scikitlearn R2 score is 0.9952443766795396
traj 1349ec38f7a0fa62ebd2b1c7327e018b has 98.605ps prod
Coefficients: and intercept [[1.82826752]] [-0.31437051]
scikitlearn R2 score is 0.9888918496739552
4
trajs chosen are [3, 0, 3]
Coefficients: and intercept [[1.24377033]] [0.0180608]
scikitlearn R2 score is 0.9994210833184369
The diffusion coeff is [[4.07923192e-09]] m2/s
scikitlearn R2 score is 0.9986725171197451
trajs chosen are [0, 2, 3]
Coefficients: and intercept [[1.20734172]] [0.02537391]
scikitlearn R2 score is 0.999835128551621
The diffusion coeff is [[3.7768113e-09]] m2/s
scikitlearn R2 score is 0.9956867509966616
trajs chosen are [3, 1, 3]
Coefficients: and intercept [[1.11954956]] [0.09914764]
scikitlearn R2 score is 0.992524595604477
The diffusion coeff is [[2.96208278e-09]] m2/s
scikitlearn R2 score is 0.9915269403463752
[[[4.07923192e-09]]

 [[3.77681130e-09]]

 [[2.96208278e-09]]]
Thu Oct 14 11:44:33 CDT 2021
