Mon Jun 28 15:31:25 CDT 2021
Mon Jun 28 15:31:25 CDT 2021
Mon Jun 28 15:32:09 CDT 2021
Mon Jun 28 15:34:22 CDT 2021
Mon Jun 28 15:34:22 CDT 2021
Mon Jun 28 15:34:22 CDT 2021
Mon Jun 28 15:34:22 CDT 2021
Mon Jun 28 15:34:28 CDT 2021
Mon Jun 28 15:35:10 CDT 2021
Mon Jun 28 15:36:39 CDT 2021
Mon Jun 28 15:36:40 CDT 2021
Mon Jun 28 15:36:40 CDT 2021
Mon Jun 28 16:29:30 CDT 2021
Mon Jun 28 16:29:30 CDT 2021
Mon Jun 28 16:29:30 CDT 2021
Mon Jun 28 16:29:30 CDT 2021
Mon Jun 28 16:29:31 CDT 2021
Mon Jun 28 16:29:32 CDT 2021
Mon Jun 28 16:29:33 CDT 2021
Mon Jun 28 16:31:39 CDT 2021
Mon Jun 28 16:31:41 CDT 2021
Mon Jun 28 16:31:42 CDT 2021
Mon Jun 28 16:31:46 CDT 2021
Mon Jun 28 16:31:46 CDT 2021
Mon Jun 28 16:44:59 CDT 2021
Mon Jun 28 16:45:00 CDT 2021
Mon Jun 28 16:50:01 CDT 2021
Mon Jun 28 16:50:01 CDT 2021
Mon Jun 28 16:50:01 CDT 2021
Mon Jun 28 16:50:02 CDT 2021
Mon Jun 28 16:50:02 CDT 2021
Mon Jun 28 16:50:03 CDT 2021
Mon Jun 28 16:50:03 CDT 2021
Mon Jun 28 16:50:03 CDT 2021
Mon Jun 28 16:50:03 CDT 2021
Mon Jun 28 16:50:03 CDT 2021
Mon Jun 28 16:50:03 CDT 2021
Mon Jun 28 16:50:04 CDT 2021
Mon Jun 28 16:58:09 CDT 2021
Mon Jun 28 16:58:09 CDT 2021
Mon Jun 28 16:58:10 CDT 2021
Mon Jun 28 16:58:10 CDT 2021
Mon Jun 28 16:58:10 CDT 2021
Mon Jun 28 16:58:10 CDT 2021
Mon Jun 28 16:59:40 CDT 2021
Mon Jun 28 16:59:45 CDT 2021
Mon Jun 28 16:59:47 CDT 2021
Mon Jun 28 17:06:45 CDT 2021
Mon Jun 28 17:20:09 CDT 2021
Mon Jun 28 17:20:14 CDT 2021
Mon Jun 28 17:42:10 CDT 2021
Mon Jun 28 18:14:23 CDT 2021
Mon Jun 28 20:16:00 CDT 2021
Mon Jun 28 20:59:21 CDT 2021
Mon Jun 28 22:01:32 CDT 2021
Mon Jun 28 23:14:24 CDT 2021
Tue Jun 29 00:14:49 CDT 2021
Tue Jun 29 00:39:52 CDT 2021
Tue Jun 29 01:02:55 CDT 2021
Tue Jun 29 01:11:55 CDT 2021
Tue Jun 29 01:20:03 CDT 2021
Tue Jun 29 01:27:52 CDT 2021
Tue Jun 29 01:36:59 CDT 2021
Tue Jun 29 15:26:31 CDT 2021
Tue Jun 29 15:26:31 CDT 2021
Tue Jun 29 15:26:31 CDT 2021
Tue Jun 29 15:26:31 CDT 2021
Tue Jun 29 15:26:31 CDT 2021
Tue Jun 29 15:26:32 CDT 2021
Tue Jun 29 15:26:32 CDT 2021
Tue Jun 29 15:26:32 CDT 2021
Tue Jun 29 15:49:05 CDT 2021
Tue Jun 29 15:51:01 CDT 2021
Tue Jun 29 15:52:58 CDT 2021
Tue Jun 29 15:55:06 CDT 2021
Tue Jun 29 15:59:13 CDT 2021
Tue Jun 29 16:00:17 CDT 2021
Tue Jun 29 16:10:49 CDT 2021
Tue Jun 29 16:12:54 CDT 2021
Wed Jun 30 22:05:16 CDT 2021
Wed Jun 30 23:56:14 CDT 2021
Thu Jul  1 00:22:24 CDT 2021
Thu Jul  1 01:10:46 CDT 2021
Thu Jul  1 02:01:18 CDT 2021
Thu Jul  1 02:30:37 CDT 2021
Thu Jul  1 02:31:36 CDT 2021
Thu Jul  1 02:49:33 CDT 2021
Thu Jul  8 00:19:01 CDT 2021
Thu Jul  8 00:20:25 CDT 2021
Thu Jul  8 00:22:43 CDT 2021
Thu Jul  8 00:27:41 CDT 2021
Thu Jul  8 00:38:48 CDT 2021
Thu Jul  8 00:44:18 CDT 2021
Thu Jul  8 00:49:07 CDT 2021
Thu Jul  8 00:49:51 CDT 2021
Sat Jul 10 16:48:07 CDT 2021
Sat Jul 10 19:09:11 CDT 2021
Sat Jul 10 19:54:20 CDT 2021
Mon Jul 12 00:52:47 CDT 2021
Mon Jul 12 06:09:14 CDT 2021
Mon Jul 12 17:43:44 CDT 2021
Mon Jul 12 17:54:06 CDT 2021
Mon Jul 12 19:06:18 CDT 2021
Fri Jul 16 03:57:58 CDT 2021
Sat Jul 17 03:37:07 CDT 2021
Sat Jul 17 03:56:39 CDT 2021
Sat Jul 17 04:45:41 CDT 2021
Sat Jul 17 06:32:42 CDT 2021
Sat Jul 17 06:53:09 CDT 2021
Sat Jul 17 06:56:14 CDT 2021
Sat Jul 17 07:01:05 CDT 2021
Sat Jul 17 07:07:23 CDT 2021
Sat Jul 24 02:37:46 CDT 2021
Sat Jul 24 02:37:50 CDT 2021
Sat Jul 24 02:38:40 CDT 2021
Sat Jul 24 02:39:42 CDT 2021
Sat Jul 24 02:40:41 CDT 2021
Sat Jul 24 02:41:41 CDT 2021
Sun Jul 25 00:05:20 CDT 2021
Sun Jul 25 03:07:18 CDT 2021
Wed Jul 28 07:11:01 CDT 2021
Wed Jul 28 07:11:54 CDT 2021
Wed Jul 28 07:40:03 CDT 2021
Wed Jul 28 08:36:33 CDT 2021
Wed Jul 28 08:39:49 CDT 2021
Wed Jul 28 08:49:55 CDT 2021
Wed Jul 28 09:27:15 CDT 2021
Wed Jul 28 09:29:57 CDT 2021
Wed Jul 28 09:32:44 CDT 2021
Wed Jul 28 09:37:48 CDT 2021
Thu Jul 29 12:25:00 CDT 2021
Thu Jul 29 17:12:15 CDT 2021
Sat Jul 31 13:27:46 CDT 2021
Sat Jul 31 13:28:17 CDT 2021
Sat Jul 31 13:28:50 CDT 2021
Sat Jul 31 13:29:37 CDT 2021
Sat Jul 31 13:29:58 CDT 2021
Sat Jul 31 13:30:27 CDT 2021
Sat Jul 31 13:30:54 CDT 2021
Sat Jul 31 13:31:26 CDT 2021
Sun Aug  1 09:11:54 CDT 2021
Sun Aug  1 09:11:54 CDT 2021
Sun Aug  1 09:12:06 CDT 2021
Sun Aug  1 09:22:09 CDT 2021
Sun Aug  1 09:22:09 CDT 2021
Sun Aug  1 09:22:40 CDT 2021
Sun Aug  1 09:22:40 CDT 2021
Sun Aug  1 09:22:41 CDT 2021
Sun Aug  1 09:22:42 CDT 2021
Sun Aug  1 09:25:26 CDT 2021
Sun Aug  1 09:25:27 CDT 2021
Sun Aug  1 09:25:27 CDT 2021
Sun Aug  1 09:25:28 CDT 2021
Sun Aug  1 09:25:58 CDT 2021
Sun Aug  1 09:25:59 CDT 2021
Sun Aug  1 09:26:00 CDT 2021
Sun Aug  1 09:26:00 CDT 2021
Sun Aug  1 09:26:30 CDT 2021
Sat Aug  7 10:03:54 CDT 2021
Sat Aug  7 11:37:04 CDT 2021
Sat Aug  7 14:25:37 CDT 2021
Sat Aug  7 18:39:05 CDT 2021
Sun Aug  8 07:37:26 CDT 2021
Sun Aug  8 07:37:38 CDT 2021
Sun Aug  8 07:37:59 CDT 2021
Sun Aug  8 07:47:28 CDT 2021
Sun Aug  8 08:10:17 CDT 2021
Sun Aug  8 08:18:34 CDT 2021
Sun Aug  8 10:59:53 CDT 2021
Sun Aug  8 11:48:25 CDT 2021
Sun Aug  8 12:43:18 CDT 2021
Sun Aug  8 15:06:33 CDT 2021
Sun Aug  8 16:23:02 CDT 2021
Sun Aug  8 16:37:37 CDT 2021
Sun Aug  8 16:48:14 CDT 2021
Sun Aug  8 17:05:36 CDT 2021
Mon Aug  9 11:01:54 CDT 2021
Mon Aug  9 11:05:26 CDT 2021
Mon Aug  9 11:18:55 CDT 2021
Thu Aug 12 00:44:08 CDT 2021
Fri Aug 13 05:07:49 CDT 2021
Fri Aug 13 05:19:19 CDT 2021
Fri Aug 13 10:00:04 CDT 2021
Fri Aug 13 10:17:19 CDT 2021
Fri Aug 13 10:29:54 CDT 2021
Mon Aug 16 12:51:21 CDT 2021
Mon Aug 16 12:52:12 CDT 2021
Mon Aug 16 12:52:23 CDT 2021
Mon Aug 16 15:03:33 CDT 2021
Mon Aug 16 15:03:34 CDT 2021
Mon Aug 16 19:56:43 CDT 2021
Tue Aug 17 02:00:24 CDT 2021
Tue Aug 17 02:49:15 CDT 2021
Tue Aug 17 02:58:13 CDT 2021
Tue Aug 17 03:11:47 CDT 2021
Thu Aug 19 07:42:35 CDT 2021
Thu Aug 19 08:02:22 CDT 2021
Thu Aug 19 08:15:22 CDT 2021
Thu Aug 19 22:43:33 CDT 2021
Thu Aug 19 22:43:36 CDT 2021
Fri Aug 20 01:19:46 CDT 2021
Sat Aug 21 07:42:20 CDT 2021
Sat Aug 21 16:11:56 CDT 2021
Sat Aug 21 16:54:45 CDT 2021
Sat Aug 21 17:13:06 CDT 2021
Sat Aug 21 17:22:08 CDT 2021
Sat Aug 21 22:09:15 CDT 2021
