conda 4.10.3
Thu Oct 14 11:31:52 CDT 2021
298.0 BLYP
298.0 PBE
traj d73a17600ff7cb3a87cb46e516cf9ca8 has 59.230000000000004ps prod
Coefficients: and intercept [[0.73225312]] [-0.18634624]
scikitlearn R2 score is 0.9898881277622495
traj 1c3513e5663fb27f4179d4e7aa32d0bd has 64.79ps prod
Coefficients: and intercept [[0.75536078]] [-2.79483365]
scikitlearn R2 score is 0.9656629208923839
traj d02e623e58678f48dbc052c2c26c18da has 81.09ps prod
Coefficients: and intercept [[0.93257973]] [-1.01581349]
scikitlearn R2 score is 0.9990047271143788
traj 9a1a254814484b904a43bd9a5893aaf5 has 58.49ps prod
Coefficients: and intercept [[0.49567182]] [0.29151459]
scikitlearn R2 score is 0.9890365861947253
4
trajs chosen are [2, 3, 1]
Coefficients: and intercept [[1.14749334]] [-0.37174557]
scikitlearn R2 score is 0.9997859389063892
The diffusion coeff is [[1.21311796e-09]] m2/s
scikitlearn R2 score is 0.9972832359622881
trajs chosen are [3, 0, 0]
Coefficients: and intercept [[1.02194436]] [-0.21248076]
scikitlearn R2 score is 0.9962044038721146
The diffusion coeff is [[1.08898781e-09]] m2/s
scikitlearn R2 score is 0.9969659293287659
trajs chosen are [0, 3, 1]
Coefficients: and intercept [[1.09632991]] [-0.34145831]
scikitlearn R2 score is 0.9988383922879601
The diffusion coeff is [[1.1018254e-09]] m2/s
scikitlearn R2 score is 0.994121833242905
[[[1.21311796e-09]]

 [[1.08898781e-09]]

 [[1.10182540e-09]]]
373.0 BLYP
373.0 PBE
traj 225765b368ceab5ebd5769f8d9810910 has 79.55ps prod
Coefficients: and intercept [[0.4807489]] [2.04666559]
scikitlearn R2 score is 0.979369156692012
traj c3a9df79e21a535040746220052531f9 has 102.095ps prod
Coefficients: and intercept [[1.10920006]] [0.13156611]
scikitlearn R2 score is 0.9966800992836252
traj f2af10259e11b936b43cb9310be093c7 has 100.11ps prod
Coefficients: and intercept [[0.63478219]] [0.66760853]
scikitlearn R2 score is 0.9989924597777905
traj be69dcbb50e55a608025dfe0dfeac54b has 90.165ps prod
Coefficients: and intercept [[0.65475415]] [1.24048687]
scikitlearn R2 score is 0.9953839199407671
4
trajs chosen are [0, 0, 0]
Coefficients: and intercept [[0.80799639]] [0.0273586]
scikitlearn R2 score is 0.9909496453685547
The diffusion coeff is [[8.0124816e-10]] m2/s
scikitlearn R2 score is 0.979369156692012
trajs chosen are [1, 1, 2]
Coefficients: and intercept [[1.02405613]] [-0.04166118]
scikitlearn R2 score is 0.9977846294153345
The diffusion coeff is [[1.58510128e-09]] m2/s
scikitlearn R2 score is 0.9973599111594886
trajs chosen are [0, 2, 0]
Coefficients: and intercept [[0.8494687]] [-0.00896355]
scikitlearn R2 score is 0.9963235231638172
The diffusion coeff is [[8.86822209e-10]] m2/s
scikitlearn R2 score is 0.9902956581192137
[[[8.01248160e-10]]

 [[1.58510128e-09]]

 [[8.86822209e-10]]]
Thu Oct 14 11:37:47 CDT 2021
