conda 4.10.3
Thu Oct 14 11:33:41 CDT 2021
298.0 BLYP
7231
9187
7547
6169
<mdtraj.Trajectory with 10134 frames, 341 atoms, 67 residues, and unitcells>
L_min is 3.788634616582905
The combined trajectory has 10134 frames = 50.67 ps 
The residue name is LI and it contains ['Li1']
The residue name is TF2 and it contains ['O1', 'F1', 'C1', 'S1', 'O2', 'F2', 'N1', 'O3', 'F3', 'S2', 'O4', 'F4', 'F5', 'C2', 'F6']
The residue name is wat and it contains ['O5', 'H1', 'H2']
Computing structure factors ...
Computing normalization ... 
The residue name is LI and it contains ['Li1']
The residue name is TF2 and it contains ['O1', 'F1', 'C1', 'S1', 'O2', 'F2', 'N1', 'O3', 'F3', 'S2', 'O4', 'F4', 'F5', 'C2', 'F6']
The residue name is wat and it contains ['O5', 'H1', 'H2']
Computing structure factors ...
Computing normalization ... 
298.0 PBE
16698
21218
16846
17958
<mdtraj.Trajectory with 52720 frames, 341 atoms, 67 residues, and unitcells>
L_min is 3.788634616582905
The combined trajectory has 52720 frames = 263.6 ps 
The residue name is LI and it contains ['Li1']
The residue name is TF2 and it contains ['O1', 'F1', 'C1', 'S1', 'O2', 'F2', 'N1', 'O3', 'F3', 'S2', 'O4', 'F4', 'F5', 'C2', 'F6']
The residue name is wat and it contains ['O5', 'H1', 'H2']
Computing structure factors ...
Computing normalization ... 
The residue name is LI and it contains ['Li1']
The residue name is TF2 and it contains ['O1', 'F1', 'C1', 'S1', 'O2', 'F2', 'N1', 'O3', 'F3', 'S2', 'O4', 'F4', 'F5', 'C2', 'F6']
The residue name is wat and it contains ['O5', 'H1', 'H2']
Computing structure factors ...
Computing normalization ... 
373.0 BLYP
12249
13008
11085
8645
<mdtraj.Trajectory with 24987 frames, 341 atoms, 67 residues, and unitcells>
L_min is 3.716255881885095
The combined trajectory has 24987 frames = 124.935 ps 
The residue name is LI and it contains ['Li1']
The residue name is TF2 and it contains ['O1', 'F1', 'C1', 'S1', 'O2', 'F2', 'N1', 'O3', 'F3', 'S2', 'O4', 'F4', 'F5', 'C2', 'F6']
The residue name is wat and it contains ['O5', 'H1', 'H2']
Computing structure factors ...
Computing normalization ... 
The residue name is LI and it contains ['Li1']
The residue name is TF2 and it contains ['O1', 'F1', 'C1', 'S1', 'O2', 'F2', 'N1', 'O3', 'F3', 'S2', 'O4', 'F4', 'F5', 'C2', 'F6']
The residue name is wat and it contains ['O5', 'H1', 'H2']
Computing structure factors ...
Computing normalization ... 
373.0 PBE
25022
20910
23033
25419
<mdtraj.Trajectory with 74384 frames, 341 atoms, 67 residues, and unitcells>
L_min is 3.716255881885095
The combined trajectory has 74384 frames = 371.92 ps 
The residue name is LI and it contains ['Li1']
The residue name is TF2 and it contains ['O1', 'F1', 'C1', 'S1', 'O2', 'F2', 'N1', 'O3', 'F3', 'S2', 'O4', 'F4', 'F5', 'C2', 'F6']
The residue name is wat and it contains ['O5', 'H1', 'H2']
Computing structure factors ...
Computing normalization ... 
The residue name is LI and it contains ['Li1']
The residue name is TF2 and it contains ['O1', 'F1', 'C1', 'S1', 'O2', 'F2', 'N1', 'O3', 'F3', 'S2', 'O4', 'F4', 'F5', 'C2', 'F6']
The residue name is wat and it contains ['O5', 'H1', 'H2']
Computing structure factors ...
Computing normalization ... 
Thu Oct 14 12:53:21 CDT 2021
